Jobname: geom
Scratch directory: server_2024-02-26-09.53.29/job_16/scr
Random number seed: 1850912638

XYZ coordinates server_2024-02-26-09.53.29/job_16/geom.xyz
Molden File Output: server_2024-02-26-09.53.29/job_16/scr/geom.molden
Using basis set: 6-31g
dmrgstart not found
Spin multiplicity: 1
DIIS will use up to 10 vectors.
Condition number limit for the DIIS overlap matrix is            0
WF convergence threshold: 3.00e-05
Using DIIS algorithm to converge WF
Maximum number of SCF iterations: 100
Incremental fock with rebuild every 8 iterations
Will switch to conventional Fock if diffuse functions are detected
X-matrix tolerance: 1.00e-04
PRECISION: DYNAMIC
TeraChem will select linear algebra engine
DFT Functional requested: camb3lyp
Method: CAM-B3LYP 
  Slater exchange functional:           0.35 
  Full range Becke 1988 exchange:       0.35 
  Full range Hartree-Fock exchange:     0.19 
  SR Becke 1988 exchange functional:    0.46 
  LR Hartree-Fock exchange:             0.46 
  Range Correction Scaling:             0.330 a.u. 
  Lee-Yang-Parr correlation functional: 0.81 
  VWN(V) correlation functional:        0.19 
Wavefunction: RESTRICTED
DFT grid type: 1
Using dynamic DFT grids.
Initial guess generated by maximum overlap

********************************************
***** SINGLE POINT ENERGY CALCULATIONS *****
********************************************
Starting TensorBox...
TeraChem will select linear algebra engine
Using cuSolver for matrix diagonalization


Basis set:       6-31g
Total atoms:     3
Total charge:    0
Total electrons: 10 (5-alpha, 5-beta)
Number electrons modeled by ECPs: 0
Total orbitals:  13
Total AO shells: 9 (7 S-shells; 2 P-shells; 0 D-shells; 0 F-shells; 0 G-shells)
Spin multiplicity: 1
Nuclear repulsion energy (QM atoms): 8.320060821247 a.u.

Setting up the DFT grid...
time to set the grid = 0.00 s
DFT grid points: 3171 (1057 points/atom)
Setting up the DFT grid...
time to set the grid = 0.01 s
DFT grid points: 8803 (2934 points/atom)

                      *** Start SCF Iterations ***

 Iter     DIIS Error       Energy change      Electrons        XC Energy           Energy        Time(s)
----------------------------------------------------------------------------------------------------------
Purifying guess...Purification run on CPU (double precision)  using TC2 purification.
Density matrix purification finished after a total of 0 matrix multiplies
THRESPDP set to 1.00e+00
                >>> SWITCHING TO GRID 1 <<<
   1     0.6868359691     -75.9443452664    10.0000133145    -6.4747620561     -75.9443452664     0.03  
                >>> SWITCHING TO GRID 0 <<<
   2     0.4514466804      -0.2395647224     9.9999121204    -7.0654991999     -76.1839099888     0.03  
   3     0.1071952594      -0.1487444779     9.9999524538    -6.6933410443     -76.3326544667     0.03  
   4     0.0122560522      -0.0105898419     9.9999447273    -6.7585667668     -76.3432443086     0.03  
                >>> SWITCHING TO GRID 1 <<<
   5     0.0011684479      -0.0001848504    10.0000065153    -6.7644944144     -76.3434291590     0.04  
THRESPDP set to 9.02e-02
   6     0.0001199205      -0.0000058399    10.0000064825    -6.7646368256     -76.3434349990     0.04  
   7     0.0000363561      -0.0000004007    10.0000065045    -6.7646387115     -76.3434353997     0.04  
   8     0.0000079178      +0.0000000465    10.0000065699    -6.7646360832     -76.3434353532     0.04  
----------------------------------------------------------------------------------------------------------
FINAL ENERGY: -76.3434353532 a.u.
HOMO-LUMO GAP: 11.769 eV
CENTER OF MASS: {-4.451704, -2.887099, 4.292061} ANGS
DIPOLE MOMENT: {0.853349, -1.703812, 1.546172} (|D| = 2.453942) DEBYE
Writing out molden info

Running Mulliken population analysis...

