Startfile from command line: server_2024-02-26-09.53.29/job_13/tc.in


       ***********************************************************
       *                    TeraChem v1.9-2022.03-dev            *
       *  Git Version: 4daa16dd21e78d64be5415f7663c3d7c2785203c  *
       *                   Development Version                   *
       *           Chemistry at the Speed of Graphics!           *
       ***********************************************************
       * This program may only be used in connection with        *
       * a valid license from PetaChem, LLC. Use of this program *
       * or results thereof indicates acceptance of all terms    *
       * and conditions stated in the license and that a valid   *
       * license agreement between the user and PetaChem, LLC    *
       * exists. PetaChem, LLC does not warrant the correctness  *
       * of results or their suitability for any purpose.        *
       * Please email bugs, suggestions, and comments to         *
       *                  help@petachem.com                      *
       *                                                         *
       ***********************************************************


       ***********************************************************
       *  Compiled by coltonbh     Sat Mar 26 12:11:31 PDT 2022  *
       *  Supported architectures: sm_37 sm_52 sm_60 sm_61 sm_70 sm_75 sm_80 sm_86 sm_87*
       *  Build cuda_11.4.r11.4/compiler.30188945_0              *
       ***********************************************************


 Job started   Mon Feb 26 10:19:18 2024
 On node004 (available memory: 72074 MB)

######################################### RUNTIME INFO ##########################################
/terachem/bin/terachem server_2024-02-26-09.53.29/job_13/tc.in 

NVRM version: NVIDIA UNIX x86_64 Kernel Module  470.57.02  Tue Jul 13 16:14:05 UTC 2021
GCC version:  gcc version 4.8.5 20150623 (Red Hat 4.8.5-44) (GCC) 

	linux-vdso.so.1 =>  (0x00002aaaaaacd000)
	libcurl.so.4 => /usr/lib64/libcurl.so.4 (0x00002aaaaaccf000)
	libmpi.so.12 => /terachem/external_libs/libmpi.so.12 (0x00002aaaaaf39000)
	libdftbplus.so => /terachem/lib/libdftbplus.so (0x00002aaaabc6f000)
	libfsockets.so => /terachem/lib/libfsockets.so (0x00002aaaac155000)
	libxmlf90.so => /terachem/lib/libxmlf90.so (0x00002aaaac359000)
	libthcbox.so.1 => /terachem/lib/libthcbox.so.1 (0x00002aaaac57c000)
	libOpenMM.so => /terachem/external_libs/libOpenMM.so (0x00002aaaaf913000)
	libgpubox.so.1 => /terachem/lib/libgpubox.so.1 (0x00002aaaaff77000)
	libtensorbox.so.1 => /terachem/lib/libtensorbox.so.1 (0x00002aaab018a000)
	libiobox.so.1 => /terachem/lib/libiobox.so.1 (0x00002aaab03a6000)
	libintbox.so.1 => /terachem/lib/libintbox.so.1 (0x00002aaab05b6000)
	libsqmbox.so.1 => /terachem/lib/libsqmbox.so.1 (0x00002aaaf1e1f000)
	libgridbox.so.1 => /terachem/lib/libgridbox.so.1 (0x00002aaaf2386000)
	libdftbox.so.1 => /terachem/lib/libdftbox.so.1 (0x00002aaaf2b80000)
	libcibox.so.1 => /terachem/lib/libcibox.so.1 (0x00002aaaf2e65000)
	libccbox.so.1 => /terachem/lib/libccbox.so.1 (0x00002aaaf3a21000)
	libsimbox.so.1 => /terachem/lib/libsimbox.so.1 (0x00002aaaf40ee000)
	liboptbox.so.1 => /terachem/lib/liboptbox.so.1 (0x00002aaaf430b000)
	libprotobuf.so.25 => /terachem/external_libs/libprotobuf.so.25 (0x00002aaaf453f000)
	libcommbox.so.1 => /terachem/lib/libcommbox.so.1 (0x00002aaaf49f2000)
	libcuda.so.1 => /.singularity.d/libs/libcuda.so.1 (0x00002aaaf4c57000)
	libcudart.so.11.0 => /terachem/lib/libcudart.so.11.0 (0x00002aaaf63b3000)
	libcublas.so.11 => /terachem/lib/libcublas.so.11 (0x00002aaaf6655000)
	libcufft.so.10 => /terachem/lib/libcufft.so.10 (0x00002aaaff58e000)
	libcusparse.so.11 => /terachem/lib/libcusparse.so.11 (0x00002aab1520e000)
	libcusolver.so.11 => /terachem/lib/libcusolver.so.11 (0x00002aab235f9000)
	libcrypto.so.10 => /usr/lib64/libcrypto.so.10 (0x00002aab308c2000)
	libssl.so.10 => /usr/lib64/libssl.so.10 (0x00002aab30d25000)
	libstdc++.so.6 => /usr/lib64/libstdc++.so.6 (0x00002aab30f97000)
	libm.so.6 => /usr/lib64/libm.so.6 (0x00002aab3129f000)
	libcilkrts.so.5 => /terachem/lib/libcilkrts.so.5 (0x00002aab315a1000)
	libgcc_s.so.1 => /usr/lib64/libgcc_s.so.1 (0x00002aab317dc000)
	libpthread.so.0 => /usr/lib64/libpthread.so.0 (0x00002aab319f2000)
	libc.so.6 => /usr/lib64/libc.so.6 (0x00002aab31c0e000)
	/lib64/ld-linux-x86-64.so.2 (0x00002aaaaaaab000)
	libdl.so.2 => /usr/lib64/libdl.so.2 (0x00002aab31fdc000)
	libidn.so.11 => /usr/lib64/libidn.so.11 (0x00002aab321e0000)
	libssh2.so.1 => /usr/lib64/libssh2.so.1 (0x00002aab32413000)
	libssl3.so => /usr/lib64/libssl3.so (0x00002aab32640000)
	libsmime3.so => /usr/lib64/libsmime3.so (0x00002aab328a3000)
	libnss3.so => /usr/lib64/libnss3.so (0x00002aab32acb000)
	libnssutil3.so => /usr/lib64/libnssutil3.so (0x00002aab32e04000)
	libplds4.so => /usr/lib64/libplds4.so (0x00002aab33034000)
	libplc4.so => /usr/lib64/libplc4.so (0x00002aab33238000)
	libnspr4.so => /usr/lib64/libnspr4.so (0x00002aab3343d000)
	libgssapi_krb5.so.2 => /usr/lib64/libgssapi_krb5.so.2 (0x00002aab3367b000)
	libkrb5.so.3 => /usr/lib64/libkrb5.so.3 (0x00002aab338c8000)
	libk5crypto.so.3 => /usr/lib64/libk5crypto.so.3 (0x00002aab33bb1000)
	libcom_err.so.2 => /usr/lib64/libcom_err.so.2 (0x00002aab33de4000)
	liblber-2.4.so.2 => /usr/lib64/liblber-2.4.so.2 (0x00002aab33fe8000)
	libldap-2.4.so.2 => /usr/lib64/libldap-2.4.so.2 (0x00002aab341f7000)
	libz.so.1 => /usr/lib64/libz.so.1 (0x00002aab3444c000)
	librt.so.1 => /usr/lib64/librt.so.1 (0x00002aab34662000)
	libifport.so.5 => /terachem/external_libs/libifport.so.5 (0x00002aab3486a000)
	libifcoremt.so.5 => /terachem/external_libs/libifcoremt.so.5 (0x00002aab34a99000)
	libimf.so => /terachem/external_libs/libimf.so (0x00002aab34e29000)
	libsvml.so => /terachem/external_libs/libsvml.so (0x00002aab35316000)
	libiomp5.so => /terachem/external_libs/libiomp5.so (0x00002aab36234000)
	libintlc.so.5 => /terachem/external_libs/libintlc.so.5 (0x00002aab365d8000)
	libirng.so => /terachem/external_libs/libirng.so (0x00002aab36844000)
	libcublasLt.so.11 => /usr/local/cuda-11.4/lib64/libcublasLt.so.11 (0x00002aab36bb7000)
	libkrb5support.so.0 => /usr/lib64/libkrb5support.so.0 (0x00002aab4a5b6000)
	libkeyutils.so.1 => /usr/lib64/libkeyutils.so.1 (0x00002aab4a7c6000)
	libresolv.so.2 => /usr/lib64/libresolv.so.2 (0x00002aab4a9ca000)
	libsasl2.so.3 => /usr/lib64/libsasl2.so.3 (0x00002aab4abe4000)
	libselinux.so.1 => /usr/lib64/libselinux.so.1 (0x00002aab4ae01000)
	libcrypt.so.1 => /usr/lib64/libcrypt.so.1 (0x00002aab4b028000)
	libpcre.so.1 => /usr/lib64/libpcre.so.1 (0x00002aab4b25f000)
	libfreebl3.so => /usr/lib64/libfreebl3.so (0x00002aab4b4c1000)
#################################################################################################

Cannot find license.dat file in the TeraChem installation directory /terachem


TRYING THE NETWORK LICENSE...
Connecting to license server '54.208.252.40' port '8877'...
Jobname: geom
Scratch directory: server_2024-02-26-09.53.29/job_13/scr
Random number seed: 1993929471

XYZ coordinates server_2024-02-26-09.53.29/job_13/geom.xyz
Molden File Output: server_2024-02-26-09.53.29/job_13/scr/geom.molden
Using basis set: 6-31g
dmrgstart not found
Spin multiplicity: 1
DIIS will use up to 10 vectors.
Condition number limit for the DIIS overlap matrix is            0
WF convergence threshold: 3.00e-05
Using DIIS algorithm to converge WF
Maximum number of SCF iterations: 100
Incremental fock with rebuild every 8 iterations
Will switch to conventional Fock if diffuse functions are detected
X-matrix tolerance: 1.00e-04
PRECISION: DYNAMIC
TeraChem will select linear algebra engine
DFT Functional requested: camb3lyp
Method: CAM-B3LYP 
  Slater exchange functional:           0.35 
  Full range Becke 1988 exchange:       0.35 
  Full range Hartree-Fock exchange:     0.19 
  SR Becke 1988 exchange functional:    0.46 
  LR Hartree-Fock exchange:             0.46 
  Range Correction Scaling:             0.330 a.u. 
  Lee-Yang-Parr correlation functional: 0.81 
  VWN(V) correlation functional:        0.19 
Wavefunction: RESTRICTED
DFT grid type: 1
Using dynamic DFT grids.
Initial guess generated by maximum overlap
point charges coordinates file: charges.xyz
point charges self interaction: active


********************************************
***** SINGLE POINT ENERGY CALCULATIONS *****
********************************************
Starting TensorBox...
TeraChem will select linear algebra engine
Using cuSolver for matrix diagonalization

using 4 out of 4 CUDA devices
   Device 0:            Tesla K80, 11441MB, CC 3.7 -- CPU THREAD 0
   Device 1:            Tesla K80, 11441MB, CC 3.7 -- CPU THREAD 1
   Device 2:            Tesla K80, 11441MB, CC 3.7 -- CPU THREAD 2
   Device 3:            Tesla K80, 11441MB, CC 3.7 -- CPU THREAD 3
-------------------------------------------------------------------
 CPU Memory Available: 32230.75 MegaWords 
 GPU Memory Available: 1174.16 MegaWords 
 Maximum recommended basis set size: 12200 basis functions
 (limited by GPU memory)
-------------------------------------------------------------------
Initialize GPUBox with 128 MW of memory
Connected!
Checking your license...

**************************************************************
  Greetings, Martinez Group! You have 1000 licenses in total
  IN USE: 19
  AVAILABLE: 981
**************************************************************


****** QM coordinates ******
O        -4.4798000000        -2.8400000000         4.2456000000  
H        -4.8525000000        -3.7649000000         4.3951000000  
H        -3.6050000000        -2.7568000000         4.9264000000  

Basis set:       6-31g
Total atoms:     3
Total charge:    0
Total electrons: 10 (5-alpha, 5-beta)
Number electrons modeled by ECPs: 0
Total orbitals:  13
Total AO shells: 9 (7 S-shells; 2 P-shells; 0 D-shells; 0 F-shells; 0 G-shells)
Spin multiplicity: 1
Nuclear repulsion energy (QM atoms): 8.320060821247 a.u.

Number of MM point charges: 3
Total charge from MM point charges: 0.00e


**********************************************************
*** WARNING! USING DEFAULT VDW PARAMETERS FOR QM ATOMS ***
**********************************************************
   TYPE       SIGMA       EPSILON
     O      1.770000      0.152100
     H      1.320000      0.022000
     H      1.320000      0.022000
Setting up the DFT grid...
time to set the grid = 0.01 s
DFT grid points: 3171 (1057 points/atom)
Setting up the DFT grid...
time to set the grid = 0.00 s
DFT grid points: 8803 (2934 points/atom)

                      *** Start SCF Iterations ***

 Iter     DIIS Error       Energy change      Electrons        XC Energy           Energy        Time(s)
----------------------------------------------------------------------------------------------------------
Purifying guess...Purification run on CPU (double precision)  using TC2 purification.
Density matrix purification finished after a total of 0 matrix multiplies
THRESPDP set to 1.00e+00
                >>> SWITCHING TO GRID 1 <<<
   1     0.6900316734     -76.0671751514    10.0000133145    -6.4747620561     -76.0671751514     0.07  
                >>> SWITCHING TO GRID 0 <<<
   2     0.4596085808      -0.2397162468     9.9999029461    -7.0730061705     -76.3068913982     0.46  
   3     0.1020074928      -0.1531919622     9.9999420376    -6.6989338061     -76.4600833604     0.42  
   4     0.0120882197      -0.0097931392     9.9999348713    -6.7612837236     -76.4698764996     0.03  
                >>> SWITCHING TO GRID 1 <<<
   5     0.0011024678      -0.0001822871    10.0000067402    -6.7672040829     -76.4700587867     0.04  
THRESPDP set to 9.00e-02
   6     0.0000885005      -0.0000057535    10.0000066588    -6.7673163504     -76.4700645402     0.04  
   7     0.0000235576      +0.0000001366    10.0000066280    -6.7673299468     -76.4700644036     0.04  
----------------------------------------------------------------------------------------------------------
FINAL ENERGY: -76.4700644036 a.u.
HOMO-LUMO GAP: 12.094 eV
CENTER OF MASS: {-4.451704, -2.887099, 4.292061} ANGS
QM  DIPOLE MOMENT: {1.102863, -1.634498, 1.729379} (|D| = 2.622717) DEBYE
MM  DIPOLE MOMENT: {1.332779, 0.600885, 0.111315} (|D| = 1.466204) DEBYE
TOT DIPOLE MOMENT: {2.435642, -1.033612, 1.840695} (|D| = 3.223176) DEBYE
Writing out molden info

Running Mulliken population analysis...

Printing MM field on QM atoms:
        0.00000000000000         0.00000000000000         0.00000000000000
        0.00000000000000         0.00000000000000         0.00000000000000
        0.00000000000000         0.00000000000000         0.00000000000000
Total processing time: 1.14 sec 

 Job finished: Mon Feb 26 10:19:30 2024

